d:\0.code\matlab\3_data_analysis\3_dispersion\cdispersion\x64\debug\vcpkg.applocal.log
d:\0.code\matlab\3_data_analysis\3_dispersion\cdispersion\x64\debug\vc142.pdb
d:\0.code\matlab\3_data_analysis\3_dispersion\cdispersion\x64\debug\vc142.idb
d:\0.code\matlab\3_data_analysis\3_dispersion\cdispersion\x64\debug\progressbar.obj
d:\0.code\matlab\3_data_analysis\3_dispersion\cdispersion\x64\debug\nummatio.obj
d:\0.code\matlab\3_data_analysis\3_dispersion\cdispersion\x64\debug\cdispersion.obj
d:\0.code\matlab\3_data_analysis\3_dispersion\cdispersion\x64\debug\cdispersion.exe
d:\0.code\matlab\3_data_analysis\3_dispersion\cdispersion\x64\debug\cdispersion.ilk
d:\0.code\matlab\3_data_analysis\3_dispersion\cdispersion\x64\debug\cdispersion.pdb
d:\0.code\matlab\3_data_analysis\3_dispersion\cdispersion\x64\debug\cdispersion.tlog\cdispersion.write.1u.tlog
d:\0.code\matlab\3_data_analysis\3_dispersion\cdispersion\x64\debug\cdispersion.tlog\cl.command.1.tlog
d:\0.code\matlab\3_data_analysis\3_dispersion\cdispersion\x64\debug\cdispersion.tlog\cl.read.1.tlog
d:\0.code\matlab\3_data_analysis\3_dispersion\cdispersion\x64\debug\cdispersion.tlog\cl.write.1.tlog
d:\0.code\matlab\3_data_analysis\3_dispersion\cdispersion\x64\debug\cdispersion.tlog\link.13276-cvtres.read.1.tlog
d:\0.code\matlab\3_data_analysis\3_dispersion\cdispersion\x64\debug\cdispersion.tlog\link.13276-cvtres.write.1.tlog
d:\0.code\matlab\3_data_analysis\3_dispersion\cdispersion\x64\debug\cdispersion.tlog\link.13276-rc.read.1.tlog
d:\0.code\matlab\3_data_analysis\3_dispersion\cdispersion\x64\debug\cdispersion.tlog\link.13276-rc.write.1.tlog
d:\0.code\matlab\3_data_analysis\3_dispersion\cdispersion\x64\debug\cdispersion.tlog\link.13276.read.1.tlog
d:\0.code\matlab\3_data_analysis\3_dispersion\cdispersion\x64\debug\cdispersion.tlog\link.13276.write.1.tlog
d:\0.code\matlab\3_data_analysis\3_dispersion\cdispersion\x64\debug\cdispersion.tlog\link.command.1.tlog
d:\0.code\matlab\3_data_analysis\3_dispersion\cdispersion\x64\debug\cdispersion.tlog\link.read.1.tlog
d:\0.code\matlab\3_data_analysis\3_dispersion\cdispersion\x64\debug\cdispersion.tlog\link.write.1.tlog
