  CDispersion.cpp
D:\0.Code\MATLAB\3_Data_Analysis\3_Dispersion\CDispersion\CDispersion.cpp(56,43): warning C4267: 'initializing': conversion from 'size_t' to 'int', possible loss of data
D:\0.Code\MATLAB\3_Data_Analysis\3_Dispersion\CDispersion\CDispersion.cpp(62,27): warning C4267: 'initializing': conversion from 'size_t' to 'int', possible loss of data
D:\0.Code\MATLAB\3_Data_Analysis\3_Dispersion\CDispersion\CDispersion.cpp(64,33): warning C4267: 'initializing': conversion from 'size_t' to 'int', possible loss of data
D:\0.Code\MATLAB\3_Data_Analysis\3_Dispersion\CDispersion\CDispersion.cpp(126,33): warning C4267: 'argument': conversion from 'size_t' to 'int', possible loss of data
D:\0.Code\MATLAB\3_Data_Analysis\3_Dispersion\CDispersion\CDispersion.cpp(139,32): warning C4267: 'initializing': conversion from 'size_t' to 'int', possible loss of data
D:\0.Code\MATLAB\3_Data_Analysis\3_Dispersion\CDispersion\CDispersion.cpp(170,32): warning C4244: '=': conversion from 'double' to '_Ty', possible loss of data
          with
          [
              _Ty=int
          ]
D:\0.Code\MATLAB\3_Data_Analysis\3_Dispersion\CDispersion\CDispersion.cpp(171,32): warning C4244: '=': conversion from 'double' to '_Ty', possible loss of data
          with
          [
              _Ty=int
          ]
D:\0.Code\MATLAB\3_Data_Analysis\3_Dispersion\CDispersion\CDispersion.cpp(172,36): warning C4244: '=': conversion from '_Ty' to '_Ty', possible loss of data
          with
          [
              _Ty=double
          ]
          and
          [
              _Ty=int
          ]
D:\0.Code\MATLAB\3_Data_Analysis\3_Dispersion\CDispersion\CDispersion.cpp(179,22): warning C4244: 'initializing': conversion from '__int64' to 'int', possible loss of data
D:\0.Code\MATLAB\3_Data_Analysis\3_Dispersion\CDispersion\CDispersion.cpp(182,28): warning C4244: '=': conversion from '__int64' to 'int', possible loss of data
D:\0.Code\MATLAB\3_Data_Analysis\3_Dispersion\CDispersion\CDispersion.cpp(187,50): warning C4244: '=': conversion from 'double' to '_Ty', possible loss of data
          with
          [
              _Ty=int
          ]
D:\0.Code\MATLAB\3_Data_Analysis\3_Dispersion\CDispersion\CDispersion.cpp(188,39): warning C4244: '=': conversion from 'double' to '_Ty', possible loss of data
          with
          [
              _Ty=int
          ]
  NumMATIO.cpp
D:\0.Code\MATLAB\3_Data_Analysis\3_Dispersion\CDispersion\NumMATIO.cpp(17,24): warning C4267: 'initializing': conversion from 'size_t' to 'int', possible loss of data
D:\0.Code\MATLAB\3_Data_Analysis\3_Dispersion\CDispersion\NumMATIO.cpp(21,27): warning C4267: 'initializing': conversion from 'size_t' to 'int', possible loss of data
D:\0.Code\MATLAB\3_Data_Analysis\3_Dispersion\CDispersion\NumMATIO.cpp(51,44): warning C4267: 'initializing': conversion from 'size_t' to 'int', possible loss of data
D:\0.Code\MATLAB\3_Data_Analysis\3_Dispersion\CDispersion\NumMATIO.cpp(115,44): warning C4267: 'initializing': conversion from 'size_t' to 'int', possible loss of data
C:\Program Files (x86)\Microsoft Visual Studio\2019\Community\VC\Tools\MSVC\14.27.29110\include\xutility(4142,1): warning C4267: '=': conversion from 'size_t' to 'int', possible loss of data
C:\Program Files (x86)\Microsoft Visual Studio\2019\Community\VC\Tools\MSVC\14.27.29110\include\vector(1127): message : see reference to function template instantiation '_OutIt *std::_Copy_unchecked<_Iter,int*>(_InIt,_InIt,_OutIt)' being compiled
          with
          [
              _OutIt=int *,
              _Iter=const mwSize *,
              _InIt=const mwSize *
          ]
C:\Program Files (x86)\Microsoft Visual Studio\2019\Community\VC\Tools\MSVC\14.27.29110\include\vector(1142): message : see reference to function template instantiation 'void std::vector<int,std::allocator<int>>::_Assign_range<_Iter>(_Iter,_Iter,std::forward_iterator_tag)' being compiled
          with
          [
              _Iter=const mwSize *
          ]
C:\Program Files (x86)\Microsoft Visual Studio\2019\Community\VC\Tools\MSVC\14.27.29110\include\vector(1142): message : see reference to function template instantiation 'void std::vector<int,std::allocator<int>>::_Assign_range<_Iter>(_Iter,_Iter,std::forward_iterator_tag)' being compiled
          with
          [
              _Iter=const mwSize *
          ]
D:\0.Code\MATLAB\3_Data_Analysis\3_Dispersion\CDispersion\NumMATIO.cpp(62): message : see reference to function template instantiation 'void std::vector<int,std::allocator<int>>::assign<const mwSize*,0>(_Iter,_Iter)' being compiled
          with
          [
              _Iter=const mwSize *
          ]
D:\0.Code\MATLAB\3_Data_Analysis\3_Dispersion\CDispersion\NumMATIO.cpp(62): message : see reference to function template instantiation 'void std::vector<int,std::allocator<int>>::assign<const mwSize*,0>(_Iter,_Iter)' being compiled
          with
          [
              _Iter=const mwSize *
          ]
C:\Program Files (x86)\Microsoft Visual Studio\2019\Community\VC\Tools\MSVC\14.27.29110\include\xmemory(693,1): warning C4267: 'initializing': conversion from 'size_t' to '_Objty', possible loss of data
          with
          [
              _Objty=int
          ]
C:\Program Files (x86)\Microsoft Visual Studio\2019\Community\VC\Tools\MSVC\14.27.29110\include\xmemory(1507): message : see reference to function template instantiation 'void std::_Default_allocator_traits<_Alloc>::construct<_Ty,const mwSize&>(_Alloc &,_Objty *const ,const mwSize &)' being compiled
          with
          [
              _Alloc=std::allocator<int>,
              _Ty=int,
              _Objty=int
          ]
C:\Program Files (x86)\Microsoft Visual Studio\2019\Community\VC\Tools\MSVC\14.27.29110\include\xmemory(1508): message : see reference to function template instantiation 'void std::_Default_allocator_traits<_Alloc>::construct<_Ty,const mwSize&>(_Alloc &,_Objty *const ,const mwSize &)' being compiled
          with
          [
              _Alloc=std::allocator<int>,
              _Ty=int,
              _Objty=int
          ]
C:\Program Files (x86)\Microsoft Visual Studio\2019\Community\VC\Tools\MSVC\14.27.29110\include\xmemory(1542): message : see reference to function template instantiation 'void std::_Uninitialized_backout_al<_Alloc>::_Emplace_back<const mwSize&>(const mwSize &)' being compiled
          with
          [
              _Alloc=std::allocator<int>
          ]
C:\Program Files (x86)\Microsoft Visual Studio\2019\Community\VC\Tools\MSVC\14.27.29110\include\xmemory(1542): message : see reference to function template instantiation 'void std::_Uninitialized_backout_al<_Alloc>::_Emplace_back<const mwSize&>(const mwSize &)' being compiled
          with
          [
              _Alloc=std::allocator<int>
          ]
C:\Program Files (x86)\Microsoft Visual Studio\2019\Community\VC\Tools\MSVC\14.27.29110\include\vector(1588): message : see reference to function template instantiation 'int *std::_Uninitialized_copy<_Iter,std::allocator<int>>(const _InIt,const _InIt,int *,_Alloc &)' being compiled
          with
          [
              _Iter=const mwSize *,
              _InIt=const mwSize *,
              _Alloc=std::allocator<int>
          ]
C:\Program Files (x86)\Microsoft Visual Studio\2019\Community\VC\Tools\MSVC\14.27.29110\include\vector(1128): message : see reference to function template instantiation 'int *std::vector<int,std::allocator<int>>::_Ucopy<_Iter>(_Iter,_Iter,int *)' being compiled
          with
          [
              _Iter=const mwSize *
          ]
C:\Program Files (x86)\Microsoft Visual Studio\2019\Community\VC\Tools\MSVC\14.27.29110\include\vector(1128): message : see reference to function template instantiation 'int *std::vector<int,std::allocator<int>>::_Ucopy<_Iter>(_Iter,_Iter,int *)' being compiled
          with
          [
              _Iter=const mwSize *
          ]
  progressbar.cpp
  progressbar.hpp
  Generating Code...
x64\Debug\progressbar.obj : warning LNK4042: object specified more than once; extras ignored
  CDispersion.vcxproj -> D:\0.Code\MATLAB\3_Data_Analysis\3_Dispersion\CDispersion\x64\Debug\CDispersion.exe
